<?xml version="1.0" encoding="UTF-8"?>
<!-- Generated by org.testng.reporters.JUnitReportReporter -->
<testsuite hostname="DDC5-D-4R06T72" name="com.ActionDemo.NewTest215thnov" tests="1" failures="0" timestamp="15 Nov 2018 06:27:39 GMT" time="0.011" errors="0">
  <testcase name="f" time="0.011" classname="com.ActionDemo.NewTest215thnov"/>
</testsuite> <!-- com.ActionDemo.NewTest215thnov -->
