<?xml version="1.0" encoding="UTF-8"?>
<!-- Generated by org.testng.reporters.JUnitReportReporter -->
<testsuite hostname="DDC5-D-4R06T72" name="com.ActionDemo.NewTest15thnov" tests="1" failures="0" timestamp="15 Nov 2018 05:12:46 GMT" time="0.010" errors="0">
  <testcase name="f" time="0.010" classname="com.ActionDemo.NewTest15thnov"/>
</testsuite> <!-- com.ActionDemo.NewTest15thnov -->
