<?xml version="1.0" encoding="UTF-8"?>
<!-- Generated by org.testng.reporters.JUnitReportReporter -->
<testsuite hostname="DDC5-D-4R06T72" name="com.ActionDemo.NewTest2" tests="1" failures="0" timestamp="14 Nov 2018 10:44:36 GMT" time="7.377" errors="0">
  <testcase name="fun" time="7.377" classname="com.ActionDemo.NewTest2"/>
</testsuite> <!-- com.ActionDemo.NewTest2 -->
