<?xml version="1.0" encoding="UTF-8"?>
<!-- Generated by org.testng.reporters.JUnitReportReporter -->
<testsuite hostname="DDC5-D-4R06T72" name="com.ActionDemo.NewTest3_15thnov" tests="1" failures="0" timestamp="15 Nov 2018 06:41:49 GMT" time="2.315" errors="0">
  <testcase name="f" time="2.315" classname="com.ActionDemo.NewTest3_15thnov"/>
</testsuite> <!-- com.ActionDemo.NewTest3_15thnov -->
