<?xml version="1.0" encoding="UTF-8"?>
<!-- Generated by org.testng.reporters.JUnitReportReporter -->
<testsuite hostname="DDC5-D-4R06T72" name="com.ActionDemo.ActionFirstTest" tests="1" failures="0" timestamp="16 Nov 2018 04:31:53 GMT" time="3.131" errors="0">
  <testcase name="rt1Click" time="3.131" classname="com.ActionDemo.ActionFirstTest"/>
</testsuite> <!-- com.ActionDemo.ActionFirstTest -->
