<?xml version="1.0" encoding="UTF-8"?>
<!-- Generated by org.testng.reporters.JUnitReportReporter -->
<testsuite hostname="DDC5-D-4R06T72" name="com.ActionDemo.ActionFirstTest" tests="1" failures="0" timestamp="16 Nov 2018 07:33:51 GMT" time="5.048" errors="0">
  <testcase name="rt1Click" time="5.048" classname="com.ActionDemo.ActionFirstTest"/>
</testsuite> <!-- com.ActionDemo.ActionFirstTest -->
